0 info it worked if it ends with ok
1 verbose cli [ 'node', '/usr/local/bin/npm', 'install', 'font-awesome-sass' ]
2 info using npm@1.4.28
3 info using node@v0.10.32
4 verbose readDependencies using package.json deps
5 verbose cache add [ 'font-awesome-sass', null ]
6 verbose cache add name=undefined spec="font-awesome-sass" args=["font-awesome-sass",null]
7 verbose parsed url { protocol: null,
7 verbose parsed url   slashes: null,
7 verbose parsed url   auth: null,
7 verbose parsed url   host: null,
7 verbose parsed url   port: null,
7 verbose parsed url   hostname: null,
7 verbose parsed url   hash: null,
7 verbose parsed url   search: null,
7 verbose parsed url   query: null,
7 verbose parsed url   pathname: 'font-awesome-sass',
7 verbose parsed url   path: 'font-awesome-sass',
7 verbose parsed url   href: 'font-awesome-sass' }
8 silly lockFile ffdddd24-font-awesome-sass font-awesome-sass
9 verbose lock font-awesome-sass /Users/connorhood/.npm/ffdddd24-font-awesome-sass.lock
10 silly lockFile ffdddd24-font-awesome-sass font-awesome-sass
11 silly lockFile ffdddd24-font-awesome-sass font-awesome-sass
12 verbose addNamed [ 'font-awesome-sass', '' ]
13 verbose addNamed [ null, '*' ]
14 silly lockFile bede210a-font-awesome-sass font-awesome-sass@
15 verbose lock font-awesome-sass@ /Users/connorhood/.npm/bede210a-font-awesome-sass.lock
16 silly addNameRange { name: 'font-awesome-sass', range: '*', hasData: false }
17 verbose request where is /font-awesome-sass
18 verbose request registry https://registry.npmjs.org/
19 verbose request id e77239bc653c0283
20 verbose url raw /font-awesome-sass
21 verbose url resolving [ 'https://registry.npmjs.org/', './font-awesome-sass' ]
22 verbose url resolved https://registry.npmjs.org/font-awesome-sass
23 verbose request where is https://registry.npmjs.org/font-awesome-sass
24 info trying registry request attempt 1 at 10:18:37
25 http GET https://registry.npmjs.org/font-awesome-sass
26 http 404 https://registry.npmjs.org/font-awesome-sass
27 silly registry.get cb [ 404,
27 silly registry.get   { 'content-type': 'application/json',
27 silly registry.get     'cache-control': 'max-age=0',
27 silly registry.get     'content-length': '2',
27 silly registry.get     'accept-ranges': 'bytes',
27 silly registry.get     date: 'Sun, 18 Oct 2015 15:18:38 GMT',
27 silly registry.get     via: '1.1 varnish',
27 silly registry.get     age: '0',
27 silly registry.get     connection: 'keep-alive',
27 silly registry.get     'x-served-by': 'cache-ord1727-ORD',
27 silly registry.get     'x-cache': 'MISS',
27 silly registry.get     'x-cache-hits': '0',
27 silly registry.get     'x-timer': 'S1445181518.497129,VS0,VE302' } ]
28 silly lockFile bede210a-font-awesome-sass font-awesome-sass@
29 silly lockFile bede210a-font-awesome-sass font-awesome-sass@
30 error 404 Not Found
30 error 404
30 error 404 'font-awesome-sass' is not in the npm registry.
30 error 404 You should bug the author to publish it
30 error 404
30 error 404 Note that you can also install from a
30 error 404 tarball, folder, or http url, or git url.
31 error System Darwin 14.1.0
32 error command "node" "/usr/local/bin/npm" "install" "font-awesome-sass"
33 error cwd /Users/connorhood/Code/cmv.local
34 error node -v v0.10.32
35 error npm -v 1.4.28
36 error code E404
37 verbose exit [ 1, true ]
